
--------------------------------------------------
TXLib соболезнует...

Программа: C:\Users\pasha\SummerSchool\main.exe, файл: TXLib.h, строка: 13222, функция: HPEN__* {anonymous}::TX::txSetColor(COLORREF, double, HDC),

Сообщение: Окно рисования не создано или не в порядке.
Если вы указали параметр "dc", то он неверен.

#1: TXLib [Ver: 00173a, Rev: 173, Date: 2024-06-23 22:37:05 +0400], Instance: 0x00007FF75B02E8D0 (64-bit), Flags: Cmdre0, Thread: 0x5854 (Main). 

--------------------------------------------------
Стек вызовов:



--------------------------------------------------
Стек вызовов TX:

# 0 in HPEN__* {anonymous}::TX::txSetColor(COLORREF, double, HDC) at TXLib.h:13222:

  13220: HPEN txSetColor (COLORREF color, double thickness /*= 1*/, HDC dc /*= txDC()*/)
  13221:     {
=>13222: $1  if (_TX_DEFAULT_HDC_FAILED (dc)) return NULL;
  13223: 
  13224: $   HPEN pen = Win32::CreatePen ((color == TX_TRANSPARENT? PS_NULL : PS_SOLID), ROUND (thickness), color);

# 1 in int main() at main.cpp:18:

     16: int main()
     17: {
=>   18:     txSetColor(TX_YELLOW);
     19:     choose_type note = choose_variant();
     20:     switch (note)

--------------------------------------------------
Developed with:

The Dumb Artist Library (TX Library)
TXLib [Ver: 00173a, Rev: 173, Date: 2024-06-23 22:37:05 +0400]
Copyright (C) Ded (Ilya Dedinsky, http://txlib.ru) <mail@txlib.ru>
See license on: http://txlib.ru

TXLib file:	TXLib.h
Compiled:	Aug 22 2024 00:26:32, GNU g++ 13.2.0, std=201703L, MinGW-W64 Runtime 12.0.0 (alpha - rev. 0) 0000-00-00, 64-bit, DEBUG
Started:	Aug 22 2024 00:26:41

Run file:	C:\Users\pasha\SummerSchool\main.exe
Directory:	C:\Users\pasha\SummerSchool

--------------------------------------------------

--------------------------------------------------
TXLib соболезнует...

Программа: C:\Users\pasha\SummerSchool\main.exe, файл: TXLib.h, строка: 13274, функция: HBRUSH__* {anonymous}::TX::txSetFillColor(COLORREF, HDC),

Сообщение: Окно рисования не создано или не в порядке.
Если вы указали параметр "dc", то он неверен.

#1: TXLib [Ver: 00173a, Rev: 173, Date: 2024-06-23 22:37:05 +0400], Instance: 0x00007FF67FB8E8D0 (64-bit), Flags: Cmdre0, Thread: 0x5D24 (Main). 

--------------------------------------------------
Стек вызовов:



--------------------------------------------------
Стек вызовов TX:

# 0 in HBRUSH__* {anonymous}::TX::txSetFillColor(COLORREF, HDC) at TXLib.h:13274:

  13272: HBRUSH txSetFillColor (COLORREF color, HDC dc /*= txDC()*/)
  13273:     {
=>13274: $1  if (_TX_DEFAULT_HDC_FAILED (dc)) return NULL;
  13275: 
  13276: $   HBRUSH brush = (color == TX_TRANSPARENT)? (HBRUSH) Win32::GetStockObject (HOLLOW_BRUSH) : Win32::CreateSolidBrush (color);

# 1 in int main() at main.cpp:18:

     16: int main()
     17: {
=>   18:     txSetFillColor (TX_TRANSPARENT);
     19:     txLine (400, 75, 400, 150);
     20:     txRectangle (400, 75, 450, 115);

--------------------------------------------------
Developed with:

The Dumb Artist Library (TX Library)
TXLib [Ver: 00173a, Rev: 173, Date: 2024-06-23 22:37:05 +0400]
Copyright (C) Ded (Ilya Dedinsky, http://txlib.ru) <mail@txlib.ru>
See license on: http://txlib.ru

TXLib file:	TXLib.h
Compiled:	Aug 22 2024 00:29:02, GNU g++ 13.2.0, std=201703L, MinGW-W64 Runtime 12.0.0 (alpha - rev. 0) 0000-00-00, 64-bit, DEBUG
Started:	Aug 22 2024 00:29:07

Run file:	C:\Users\pasha\SummerSchool\main.exe
Directory:	C:\Users\pasha\SummerSchool

--------------------------------------------------

--------------------------------------------------
TXLib соболезнует...

Программа: C:\Users\pasha\SummerSchool\main.exe, файл: TXLib.h, строка: 13274, функция: HBRUSH__* {anonymous}::TX::txSetFillColor(COLORREF, HDC),

Сообщение: Окно рисования не создано или не в порядке.
Если вы указали параметр "dc", то он неверен.

#1: TXLib [Ver: 00173a, Rev: 173, Date: 2024-06-23 22:37:05 +0400], Instance: 0x00007FF79F91E8D0 (64-bit), Flags: Cmdre0, Thread: 0x3630 (Main). 

--------------------------------------------------
Стек вызовов:



--------------------------------------------------
Стек вызовов TX:

# 0 in HBRUSH__* {anonymous}::TX::txSetFillColor(COLORREF, HDC) at TXLib.h:13274:

  13272: HBRUSH txSetFillColor (COLORREF color, HDC dc /*= txDC()*/)
  13273:     {
=>13274: $1  if (_TX_DEFAULT_HDC_FAILED (dc)) return NULL;
  13275: 
  13276: $   HBRUSH brush = (color == TX_TRANSPARENT)? (HBRUSH) Win32::GetStockObject (HOLLOW_BRUSH) : Win32::CreateSolidBrush (color);

# 1 in int main() at main.cpp:20:

     18:     char stri[100];
     19:     sprintf(stri, "aboba %d", 61);
=>   20:     txSetFillColor (TX_TRANSPARENT);
     21:     txLine (400, 75, 400, 150);
     22:     txRectangle (400, 75, 450, 115);

--------------------------------------------------
Developed with:

The Dumb Artist Library (TX Library)
TXLib [Ver: 00173a, Rev: 173, Date: 2024-06-23 22:37:05 +0400]
Copyright (C) Ded (Ilya Dedinsky, http://txlib.ru) <mail@txlib.ru>
See license on: http://txlib.ru

TXLib file:	TXLib.h
Compiled:	Aug 22 2024 00:40:06, GNU g++ 13.2.0, std=201703L, MinGW-W64 Runtime 12.0.0 (alpha - rev. 0) 0000-00-00, 64-bit, DEBUG
Started:	Aug 22 2024 00:40:13

Run file:	C:\Users\pasha\SummerSchool\main.exe
Directory:	C:\Users\pasha\SummerSchool

--------------------------------------------------
